Build started 09/04/2016 15:59:34.
     1>Project "C:\Users\508896\08968 HLSL\Effects 11 Win32 Samples\C++\Effects11\Effects11_2012.vcxproj" on node 4 (Rebuild target(s)).
     1>ClCompile:
         C:\Program Files (x86)\Microsoft Visual Studio 12.0\VC\bin\CL.exe /c /I.\Binary /I.\Inc /ZI /nologo /W4 /WX- /Od /Oi /Oy- /D _WIN7_PLATFORM_UPDATE /D WIN32 /D _DEBUG /D DEBUG /D PROFILE /D _WINDOWS /D _LIB /D D3DXFX_LARGEADDRESS_HANDLE /D _WIN32_WINNT=0x0600 /D _UNICODE /D UNICODE /Gm- /EHsc /RTC1 /MDd /GS /arch:SSE2 /fp:fast /Zc:wchar_t /Zc:forScope /openmp- /Yc"pchfx.h" /Fp"Bin\Desktop_2012\Win32\Debug\Effects11.pch" /Fo"Bin\Desktop_2012\Win32\Debug\\" /Fd"Bin\Desktop_2012\Win32\Debug\Effects11.pdb" /Gd /TP /analyze- /errorReport:prompt  d3dxGlobal.cpp
         d3dxGlobal.cpp
         C:\Program Files (x86)\Microsoft Visual Studio 12.0\VC\bin\CL.exe /c /I.\Binary /I.\Inc /ZI /nologo /W4 /WX- /Od /Oi /Oy- /D _WIN7_PLATFORM_UPDATE /D WIN32 /D _DEBUG /D DEBUG /D PROFILE /D _WINDOWS /D _LIB /D D3DXFX_LARGEADDRESS_HANDLE /D _WIN32_WINNT=0x0600 /D _UNICODE /D UNICODE /Gm- /EHsc /RTC1 /MDd /GS /arch:SSE2 /fp:fast /Zc:wchar_t /Zc:forScope /openmp- /Yu"pchfx.h" /Fp"Bin\Desktop_2012\Win32\Debug\Effects11.pch" /Fo"Bin\Desktop_2012\Win32\Debug\\" /Fd"Bin\Desktop_2012\Win32\Debug\Effects11.pdb" /Gd /TP /analyze- /errorReport:prompt  EffectAPI.cpp EffectLoad.cpp EffectNonRuntime.cpp EffectReflection.cpp EffectRuntime.cpp
         EffectAPI.cpp
         EffectLoad.cpp
         EffectNonRuntime.cpp
         EffectReflection.cpp
         EffectRuntime.cpp
         Generating Code...
       Lib:
         C:\Program Files (x86)\Microsoft Visual Studio 12.0\VC\bin\Lib.exe /OUT:"Bin\Desktop_2012\Win32\Debug\Effects11.lib" /NOLOGO Bin\Desktop_2012\Win32\Debug\d3dxGlobal.obj
         Bin\Desktop_2012\Win32\Debug\EffectAPI.obj
         Bin\Desktop_2012\Win32\Debug\EffectLoad.obj
         Bin\Desktop_2012\Win32\Debug\EffectNonRuntime.obj
         Bin\Desktop_2012\Win32\Debug\EffectReflection.obj
         Bin\Desktop_2012\Win32\Debug\EffectRuntime.obj
         Effects11_2012.vcxproj -> C:\Users\508896\08968 HLSL\Effects 11 Win32 Samples\C++\Effects11\Bin\Desktop_2012\Win32\Debug\Effects11.lib
     1>Done Building Project "C:\Users\508896\08968 HLSL\Effects 11 Win32 Samples\C++\Effects11\Effects11_2012.vcxproj" (Rebuild target(s)).

Build succeeded.

Time Elapsed 00:00:02.06
